INFO [10-14|15:04:02.496] Maximum peer count                       ETH=25 LES=0 total=25
INFO [10-14|15:04:02.510] Starting peer-to-peer node               instance=Geth/v1.8.17-stable-8bbe7207/darwin-amd64/go1.11.1
INFO [10-14|15:04:02.510] Allocated cache and file handles         database=/Users/youngjuroh/bes/ethereum/NODE/8545/geth/chaindata cache=384 handles=1024
INFO [10-14|15:04:02.516] Initialised chain configuration          config="{ChainID: 2018 Homestead: 1 DAO: <nil> DAOSupport: false EIP150: <nil> EIP155: 2 EIP158: 3 Byzantium: 4 Constantinople: <nil> Engine: unknown}"
INFO [10-14|15:04:02.516] Disk storage enabled for ethash caches   dir=/Users/youngjuroh/bes/ethereum/NODE/8545/cache count=3
INFO [10-14|15:04:02.516] Disk storage enabled for ethash DAGs     dir=/Users/youngjuroh/bes/ethereum/NODE/8545/dag   count=2
INFO [10-14|15:04:02.516] Initialising Ethereum protocol           versions="[63 62]" network=2018
INFO [10-14|15:04:02.517] Loaded most recent local header          number=0 hash=6fbf93…0c4abc td=1 age=49y5mo4w
INFO [10-14|15:04:02.517] Loaded most recent local full block      number=0 hash=6fbf93…0c4abc td=1 age=49y5mo4w
INFO [10-14|15:04:02.517] Loaded most recent local fast block      number=0 hash=6fbf93…0c4abc td=1 age=49y5mo4w
INFO [10-14|15:04:02.517] Regenerated local transaction journal    transactions=0 accounts=0
INFO [10-14|15:04:02.517] Starting P2P networking 
INFO [10-14|15:04:04.632] UDP listener up                          self=enode://779b877758ef8da00b2a069c0fd8aa67ef13e5247b87e4568d1e28b47949116c4b8eca6345d0364debc03351a6935cfeb81954953b5b3228034588a9612bc099@[::]:30303
INFO [10-14|15:04:04.632] RLPx listener up                         self=enode://779b877758ef8da00b2a069c0fd8aa67ef13e5247b87e4568d1e28b47949116c4b8eca6345d0364debc03351a6935cfeb81954953b5b3228034588a9612bc099@[::]:30303
INFO [10-14|15:04:04.634] IPC endpoint opened                      url=/Users/youngjuroh/bes/ethereum/NODE/8545/geth.ipc
INFO [10-14|15:04:04.634] HTTP endpoint opened                     url=http://0.0.0.0:8545                               cors=* vhosts=localhost
INFO [10-14|15:04:07.482] Block synchronisation started 
INFO [10-14|15:04:08.535] Imported new chain segment               blocks=192 txs=0 mgas=0.000 elapsed=835.097ms mgasps=0.000 number=192 hash=4891bb…fa29f2 age=5d17h24m cache=0.00B
INFO [10-14|15:04:10.867] Imported new chain segment               blocks=2048 txs=0 mgas=0.000 elapsed=2.314s    mgasps=0.000 number=2240 hash=4c3849…a4a972 age=5d16h49m cache=0.00B
INFO [10-14|15:04:12.188] Got interrupt, shutting down... 
INFO [10-14|15:04:12.188] HTTP endpoint closed                     url=http://0.0.0.0:8545
INFO [10-14|15:04:12.189] IPC endpoint closed                      endpoint=/Users/youngjuroh/bes/ethereum/NODE/8545/geth.ipc
INFO [10-14|15:04:12.202] Blockchain manager stopped 
INFO [10-14|15:04:12.203] Stopping Ethereum protocol 
INFO [10-14|15:04:12.214] Ethereum protocol stopped 
INFO [10-14|15:04:12.214] Transaction pool stopped 
WARN [10-14|15:04:12.214] Synchronisation failed, retrying         err="block body download canceled (requested)"
INFO [10-14|15:04:12.215] Database closed                          database=/Users/youngjuroh/bes/ethereum/NODE/8545/geth/chaindata
